#
# A fatal error has been detected by the Java Runtime Environment:
#
#  EXCEPTION_ACCESS_VIOLATION (0xc0000005) at pc=0x66415c90, pid=7220, tid=3976
#
# JRE version: Java(TM) SE Runtime Environment (7.0_55-b13) (build 1.7.0_55-b13)
# Java VM: Java HotSpot(TM) Client VM (24.55-b03 mixed mode windows-x86 )
# Problematic frame:
# V  [jvm.dll+0x35c90]
#
# Failed to write core dump. Minidumps are not enabled by default on client versions of Windows
#
# If you would like to submit a bug report, please visit:
#   http://bugreport.sun.com/bugreport/crash.jsp
#

---------------  T H R E A D  ---------------

Current thread (0x18b84000):  JavaThread "JDWP Transport Listener: dt_socket" daemon [_thread_in_vm, id=3976, stack(0x19200000,0x19250000)]

siginfo: ExceptionCode=0xc0000005, reading address 0x00000008

Registers:
EAX=0x04b34cf0, EBX=0x18b84000, ECX=0x00000000, EDX=0x00000000
ESP=0x1924f504, EBP=0x1924f508, ESI=0x00000000, EDI=0x6f2ee15c
EIP=0x66415c90, EFLAGS=0x00010246

Top of Stack: (sp=0x1924f504)
0x1924f504:   18b84130 1924f530 664a1166 04b34cf0
0x1924f514:   6f2ee15c 18b84130 6f2ee174 18b84000
0x1924f524:   00000000 18b84130 1924f5f4 6f2ee99c
0x1924f534:   6f2d63b2 18b84130 04b34cf0 00000000
0x1924f544:   1924f568 1924f5f4 18c12210 1924f5a4
0x1924f554:   0112ec3c 1924f574 6f2dbd27 1924f574
0x1924f564:   1924f5a8 6f2ee890 6f3a5004 6f2f2c68
0x1924f574:   0111efc0 0000000b 00000000 00000013 

Instructions: (pc=0x66415c90)
0x66415c70:   8b 0d 18 1a 71 66 85 c9 7e 05 8b 0c 01 eb 02 33
0x66415c80:   c9 8b 15 1c 1a 71 66 85 d2 7e 05 8b 04 02 eb 03
0x66415c90:   8b 46 08 85 c0 75 0f 33 c9 50 51 e8 40 68 15 00
0x66415ca0:   83 c4 08 5e 5d c3 8d 4c 4e 0c 50 51 e8 2f 68 15 


Register to memory mapping:

EAX=
[error occurred during error reporting (printing register info), id 0xc0000005]

Stack: [0x19200000,0x19250000],  sp=0x1924f504,  free space=317k
Native frames: (J=compiled Java code, j=interpreted, Vv=VM code, C=native code)
V  [jvm.dll+0x35c90]
V  [jvm.dll+0xc1166]


---------------  P R O C E S S  ---------------

Java Threads: ( => current thread )
  0x18b98800 JavaThread "Service Thread" daemon [_thread_blocked, id=3600, stack(0x19440000,0x19490000)]
  0x18b95000 JavaThread "C1 CompilerThread0" daemon [_thread_blocked, id=5956, stack(0x193b0000,0x19400000)]
  0x18b8a800 JavaThread "JDWP Command Reader" daemon [_thread_in_native, id=5608, stack(0x19320000,0x19370000)]
  0x18b86400 JavaThread "JDWP Event Helper Thread" daemon [_thread_blocked, id=6780, stack(0x19290000,0x192e0000)]
=>0x18b84000 JavaThread "JDWP Transport Listener: dt_socket" daemon [_thread_in_vm, id=3976, stack(0x19200000,0x19250000)]
  0x18b78400 JavaThread "Attach Listener" daemon [_thread_blocked, id=8152, stack(0x18e30000,0x18e80000)]
  0x18b76000 JavaThread "Signal Dispatcher" daemon [_thread_blocked, id=4020, stack(0x18da0000,0x18df0000)]
  0x01129800 JavaThread "Finalizer" daemon [_thread_blocked, id=1328, stack(0x18b10000,0x18b60000)]
  0x01123800 JavaThread "Reference Handler" daemon [_thread_blocked, id=2384, stack(0x18a80000,0x18ad0000)]
  0x02a7c400 JavaThread "main" [_thread_blocked, id=3948, stack(0x00db0000,0x00e00000)]

Other Threads:
  0x01121800 VMThread [stack: 0x029e0000,0x02a30000] [id=2224]
  0x18ba3000 WatcherThread [stack: 0x194d0000,0x19520000] [id=5708]

VM state:not at safepoint (normal execution)

VM Mutex/Monitor currently owned by a thread: None

Heap
 def new generation   total 4928K, used 731K [0x04a80000, 0x04fd0000, 0x09fd0000)
  eden space 4416K,  16% used [0x04a80000, 0x04b36c40, 0x04ed0000)
  from space 512K,   0% used [0x04ed0000, 0x04ed0000, 0x04f50000)
  to   space 512K,   0% used [0x04f50000, 0x04f50000, 0x04fd0000)
 tenured generation   total 10944K, used 0K [0x09fd0000, 0x0aa80000, 0x14a80000)
   the space 10944K,   0% used [0x09fd0000, 0x09fd0000, 0x09fd0200, 0x0aa80000)
 compacting perm gen  total 12288K, used 1986K [0x14a80000, 0x15680000, 0x18a80000)
   the space 12288K,  16% used [0x14a80000, 0x14c70918, 0x14c70a00, 0x15680000)
No shared spaces configured.

Card table byte_map: [0x02890000,0x02940000] byte_map_base: 0x0286ac00

Polling page: 0x00e00000

Code Cache  [0x02a80000, 0x02b20000, 0x04a80000)
 total_blobs=145 nmethods=22 adapters=69 free_code_cache=32153Kb largest_free_block=32924800

Compilation events (10 events):
Event: 0.129 Thread 0x18b95000   17             java.io.Win32FileSystem::normalize (143 bytes)
Event: 0.130 Thread 0x18b95000 nmethod 17 0x02b18008 code [0x02b18160, 0x02b1842c]
Event: 0.130 Thread 0x18b95000   18             java.lang.AbstractStringBuilder::append (29 bytes)
Event: 0.130 Thread 0x18b95000 nmethod 18 0x02b187c8 code [0x02b188d0, 0x02b189cc]
Event: 0.131 Thread 0x18b95000   19             java.io.Win32FileSystem::isSlash (18 bytes)
Event: 0.131 Thread 0x18b95000 nmethod 19 0x02b18ac8 code [0x02b18bc0, 0x02b18c70]
Event: 0.135 Thread 0x18b95000   20             java.io.BufferedInputStream::getBufIfOpen (21 bytes)
Event: 0.135 Thread 0x18b95000 nmethod 20 0x02b18e08 code [0x02b18f10, 0x02b1900c]
Event: 0.135 Thread 0x18b95000   21  s          java.io.BufferedInputStream::read (49 bytes)
Event: 0.135 Thread 0x18b95000 nmethod 21 0x02b190c8 code [0x02b191f0, 0x02b194e8]

GC Heap History (0 events):
No events

Deoptimization events (0 events):
No events

Internal exceptions (8 events):
Event: 0.022 Thread 0x02a7c400 Threw 0x04a8aed0 at C:\re\jdk7u55\869\hotspot\src\share\vm\prims\jni.cpp:3991
Event: 0.110 Thread 0x02a7c400 Threw 0x04ae4bb0 at C:\re\jdk7u55\869\hotspot\src\share\vm\prims\jvm.cpp:1244
Event: 0.130 Thread 0x02a7c400 Threw 0x04b074d8 at C:\re\jdk7u55\869\hotspot\src\share\vm\prims\jvm.cpp:1244
Event: 0.130 Thread 0x02a7c400 Threw 0x04b075f0 at C:\re\jdk7u55\869\hotspot\src\share\vm\prims\jvm.cpp:1244
Event: 0.131 Thread 0x02a7c400 Threw 0x04b217c8 at C:\re\jdk7u55\869\hotspot\src\share\vm\prims\jvm.cpp:1244
Event: 0.131 Thread 0x02a7c400 Threw 0x04b218e0 at C:\re\jdk7u55\869\hotspot\src\share\vm\prims\jvm.cpp:1244
Event: 0.138 Thread 0x02a7c400 Threw 0x04b31570 at C:\re\jdk7u55\869\hotspot\src\share\vm\prims\jvm.cpp:1244
Event: 1.235 Thread 0x02a7c400 Threw 0x04b332f0 at C:\re\jdk7u55\869\hotspot\src\share\vm\prims\jvm.cpp:1244

Events (10 events):
Event: 14.777 Executing VM operation: GetCurrentLocation
Event: 14.777 Executing VM operation: GetCurrentLocation done
Event: 14.777 Executing VM operation: ChangeSingleStep
Event: 14.777 Executing VM operation: ChangeSingleStep done
Event: 14.778 Executing VM operation: ChangeSingleStep
Event: 14.778 Executing VM operation: ChangeSingleStep done
Event: 14.822 Executing VM operation: GetOrSetLocal
Event: 14.822 Executing VM operation: GetOrSetLocal done
Event: 14.863 Executing VM operation: GetOrSetLocal
Event: 14.863 Executing VM operation: GetOrSetLocal done


Dynamic libraries:
0x01000000 - 0x0102f000 	C:\Program Files (x86)\Java\jdk1.7.0_55\bin\javaw.exe
0x777a0000 - 0x77919000 	C:\WINDOWS\SYSTEM32\ntdll.dll
0x74e80000 - 0x74f70000 	C:\WINDOWS\SYSTEM32\KERNEL32.DLL
0x75260000 - 0x753d6000 	C:\WINDOWS\SYSTEM32\KERNELBASE.dll
0x74c40000 - 0x74cbb000 	C:\WINDOWS\SYSTEM32\ADVAPI32.dll
0x748d0000 - 0x7498e000 	C:\WINDOWS\SYSTEM32\msvcrt.dll
0x75520000 - 0x75563000 	C:\WINDOWS\SYSTEM32\sechost.dll
0x77010000 - 0x770bc000 	C:\WINDOWS\SYSTEM32\RPCRT4.dll
0x748b0000 - 0x748ce000 	C:\WINDOWS\SYSTEM32\SspiCli.dll
0x748a0000 - 0x748aa000 	C:\WINDOWS\SYSTEM32\CRYPTBASE.dll
0x74840000 - 0x74899000 	C:\WINDOWS\SYSTEM32\bcryptPrimitives.dll
0x753e0000 - 0x75520000 	C:\WINDOWS\SYSTEM32\USER32.dll
0x774c0000 - 0x7760d000 	C:\WINDOWS\SYSTEM32\GDI32.dll
0x711b0000 - 0x713b9000 	C:\WINDOWS\WinSxS\x86_microsoft.windows.common-controls_6595b64144ccf1df_6.0.10240.16384_none_3bccb1ff6bcd1849\COMCTL32.dll
0x76f50000 - 0x76f7b000 	C:\WINDOWS\SYSTEM32\IMM32.DLL
0x74d60000 - 0x74e80000 	C:\WINDOWS\SYSTEM32\MSCTF.dll
0x6d5e0000 - 0x6d69f000 	C:\Program Files (x86)\Java\jdk1.7.0_55\jre\bin\msvcr100.dll
0x663e0000 - 0x66760000 	C:\Program Files (x86)\Java\jdk1.7.0_55\jre\bin\client\jvm.dll
0x77610000 - 0x77616000 	C:\WINDOWS\SYSTEM32\PSAPI.DLL
0x744a0000 - 0x744a8000 	C:\WINDOWS\SYSTEM32\WSOCK32.dll
0x74780000 - 0x747a4000 	C:\WINDOWS\SYSTEM32\WINMM.dll
0x75040000 - 0x7509c000 	C:\WINDOWS\SYSTEM32\WS2_32.dll
0x74d50000 - 0x74d57000 	C:\WINDOWS\SYSTEM32\NSI.dll
0x74660000 - 0x74683000 	C:\WINDOWS\SYSTEM32\WINMMBASE.dll
0x75a60000 - 0x75a96000 	C:\WINDOWS\SYSTEM32\cfgmgr32.dll
0x74630000 - 0x74651000 	C:\WINDOWS\SYSTEM32\DEVOBJ.dll
0x6e700000 - 0x6e70c000 	C:\Program Files (x86)\Java\jdk1.7.0_55\jre\bin\verify.dll
0x6bf40000 - 0x6bf60000 	C:\Program Files (x86)\Java\jdk1.7.0_55\jre\bin\java.dll
0x6f2d0000 - 0x6f2fa000 	C:\Program Files (x86)\Java\jdk1.7.0_55\jre\bin\jdwp.dll
0x6f3b0000 - 0x6f3b7000 	C:\Program Files (x86)\Java\jdk1.7.0_55\jre\bin\npt.dll
0x6bf20000 - 0x6bf33000 	C:\Program Files (x86)\Java\jdk1.7.0_55\jre\bin\zip.dll
0x6f3a0000 - 0x6f3a8000 	C:\Program Files (x86)\Java\jdk1.7.0_55\jre\bin\dt_socket.dll
0x6e260000 - 0x6e272000 	C:\WINDOWS\system32\napinsp.dll
0x6e240000 - 0x6e256000 	C:\WINDOWS\system32\pnrpnsp.dll
0x6e220000 - 0x6e233000 	C:\WINDOWS\system32\NLAapi.dll
0x74420000 - 0x7446e000 	C:\WINDOWS\System32\mswsock.dll
0x73c90000 - 0x73d14000 	C:\WINDOWS\SYSTEM32\DNSAPI.dll
0x71620000 - 0x7162b000 	C:\WINDOWS\System32\winrnr.dll
0x71aa0000 - 0x71ae6000 	C:\WINDOWS\System32\fwpuclnt.dll
0x747b0000 - 0x747cb000 	C:\WINDOWS\SYSTEM32\bcrypt.dll
0x71a90000 - 0x71a98000 	C:\Windows\System32\rasadhlp.dll
0x71030000 - 0x7116f000 	C:\WINDOWS\SYSTEM32\dbghelp.dll

VM Arguments:
jvm_args: -agentlib:jdwp=transport=dt_socket,suspend=y,address=localhost:51092 -Dfile.encoding=Cp1252 
java_command: kontoverwaltung.main
Launcher Type: SUN_STANDARD

Environment Variables:
PATH=C:\Program Files (x86)\Java\jdk1.7.0_55\jre\bin;C:/Program Files (x86)/Java/jdk1.7.0_55/jre/bin/client;C:/Program Files (x86)/Java/jdk1.7.0_55/jre/bin;C:/Program Files (x86)/Java/jdk1.7.0_55/jre/lib/i386;C:\ProgramData\Oracle\Java\javapath;C:\WINDOWS\system32;C:\WINDOWS;C:\WINDOWS\System32\Wbem;C:\WINDOWS\System32\WindowsPowerShell\v1.0\;C:\Users\Jonatan\.dnx\bin;C:\Program Files\Microsoft DNX\Dnvm\;C:\Program Files (x86)\Windows Kits\10\Windows Performance Toolkit\;C:\Program Files (x86)\Microsoft Emulator Manager\1.0\;D:\Program Files (x86)\Calibre2\;C:\Program Files (x86)\Skype\Phone\;C:\Program Files (x86)\NVIDIA Corporation\PhysX\Common;C:\Program Files\Microsoft\Web Platform Installer\;C:\WINDOWS\system32;
USERNAME=Jonatan
OS=Windows_NT
PROCESSOR_IDENTIFIER=Intel64 Family 6 Model 42 Stepping 7, GenuineIntel



---------------  S Y S T E M  ---------------

OS: Windows 8.1 , 64 bit Build 9600 

CPU:total 4 (4 cores per cpu, 1 threads per core) family 6 model 42 stepping 7, cmov, cx8, fxsr, mmx, sse, sse2, sse3, ssse3, sse4.1, sse4.2, popcnt, avx, aes, tsc, tscinvbit

Memory: 4k page, physical 8336120k(5237604k free), swap 9646840k(5856212k free)

vm_info: Java HotSpot(TM) Client VM (24.55-b03) for windows-x86 JRE (1.7.0_55-b13), built on Mar 17 2014 20:01:11 by "java_re" with unknown MS VC++:1600

time: Thu Dec 03 15:01:01 2015
elapsed time: 14 seconds

